<?xml version="1.0" encoding="UTF-8"?>
<!-- Generated by org.testng.reporters.JUnitReportReporter -->
<testsuite hostname="idea-PC" failures="0" tests="1" name="ValidatingStaticResponse.ValidatingStaticResponseTest" time="4.257" errors="0" timestamp="2022-06-14T23:28:40 IST" skipped="0">
  <testcase classname="ValidatingStaticResponse.ValidatingStaticResponseTest" name="validatingStaticResponseTest" time="4.257"/>
  <system-out/>
</testsuite> <!-- ValidatingStaticResponse.ValidatingStaticResponseTest -->
