<?xml version="1.0" encoding="UTF-8"?>
<!-- Generated by org.testng.reporters.JUnitReportReporter -->
<testsuite hostname="idea-PC" failures="0" tests="1" name="differentWaysToPostRequest.PostUsingPojo" time="3.316" errors="0" timestamp="2022-06-14T22:40:20 IST" skipped="0">
  <testcase classname="differentWaysToPostRequest.PostUsingPojo" name="postUsingPojo" time="3.316"/>
  <system-out/>
</testsuite> <!-- differentWaysToPostRequest.PostUsingPojo -->
