<?xml version="1.0" encoding="UTF-8"?>
<!-- Generated by org.testng.reporters.JUnitReportReporter -->
<testsuite hostname="idea-PC" failures="0" tests="1" name="serealizationDeserialization.Serialization" time="0.333" errors="0" timestamp="2022-06-14T20:12:16 IST" skipped="0">
  <testcase classname="serealizationDeserialization.Serialization" name="serializationOfPage" time="0.333"/>
  <system-out/>
</testsuite> <!-- serealizationDeserialization.Serialization -->
