<?xml version="1.0" encoding="UTF-8"?>
<!-- Generated by org.testng.reporters.JUnitReportReporter -->
<testsuite hostname="idea-PC" failures="0" tests="1" name="differentWaysToPostRequest.PostUsingJsonFile" time="3.010" errors="0" timestamp="2022-06-14T18:00:17 IST" skipped="0">
  <testcase classname="differentWaysToPostRequest.PostUsingJsonFile" name="postUsingJsonFile" time="3.010"/>
  <system-out/>
</testsuite> <!-- differentWaysToPostRequest.PostUsingJsonFile -->
