<?xml version="1.0" encoding="UTF-8"?>
<!-- Generated by org.testng.reporters.JUnitReportReporter -->
<testsuite hostname="idea-PC" failures="0" tests="1" name="serealizationDeserialization.Deserialization" time="0.344" errors="0" timestamp="2022-06-14T20:16:15 IST" skipped="0">
  <testcase classname="serealizationDeserialization.Deserialization" name="deSerializationOfPage" time="0.344"/>
  <system-out/>
</testsuite> <!-- serealizationDeserialization.Deserialization -->
