<?xml version="1.0" encoding="UTF-8"?>
<!-- Generated by org.testng.reporters.JUnitReportReporter -->
<testsuite hostname="idea-PC" failures="0" tests="1" name="CRUDOperationsWithBDD.UpdateProjectTest" time="4.315" errors="0" timestamp="2022-06-14T17:31:37 IST" skipped="0">
  <testcase classname="CRUDOperationsWithBDD.UpdateProjectTest" name="updateProjectTest" time="4.315"/>
  <system-out/>
</testsuite> <!-- CRUDOperationsWithBDD.UpdateProjectTest -->
