<?xml version="1.0" encoding="UTF-8"?>
<!-- Generated by org.testng.reporters.JUnitReportReporter -->
<testsuite hostname="idea-PC" failures="0" tests="4" name="serealizationDeserialization.Serialization" time="0.464" errors="0" timestamp="2022-06-13T22:06:04 IST" skipped="0">
  <testcase classname="serealizationDeserialization.Serialization" name="serializationTest" time="0.005"/>
  <system-out/>
  <testcase classname="serealizationDeserialization.Serialization" name="serializationOfComplexRequest" time="0.400"/>
  <system-out/>
  <testcase classname="serealizationDeserialization.Serialization" name="serializationOfComplexRequestWithObject" time="0.024"/>
  <system-out/>
  <testcase classname="serealizationDeserialization.Serialization" name="serializationOfPage" time="0.035"/>
  <system-out/>
</testsuite> <!-- serealizationDeserialization.Serialization -->
