<?xml version="1.0" encoding="UTF-8"?>
<!-- Generated by org.testng.reporters.JUnitReportReporter -->
<testsuite hostname="idea-PC" failures="0" tests="1" name="ValidatingDynamicResponse.ValidatingDynamicResponseTest" time="3.805" errors="0" timestamp="2022-06-14T23:56:01 IST" skipped="0">
  <testcase classname="ValidatingDynamicResponse.ValidatingDynamicResponseTest" name="validatingDynamicResponse" time="3.805"/>
  <system-out/>
</testsuite> <!-- ValidatingDynamicResponse.ValidatingDynamicResponseTest -->
