<?xml version="1.0" encoding="UTF-8"?>
<!-- Generated by org.testng.reporters.JUnitReportReporter -->
<testsuite hostname="idea-PC" failures="0" tests="1" name="CRUDOperationsWithoutUsingBDDApproach.GetAllProjectsTest" time="2.893" errors="0" timestamp="2022-06-14T23:13:18 IST" skipped="0">
  <testcase classname="CRUDOperationsWithoutUsingBDDApproach.GetAllProjectsTest" name="getAllProjectsTest" time="2.893"/>
  <system-out/>
</testsuite> <!-- CRUDOperationsWithoutUsingBDDApproach.GetAllProjectsTest -->
