<?xml version="1.0" encoding="UTF-8"?>
<!-- Generated by org.testng.reporters.JUnitReportReporter -->
<testsuite hostname="idea-PC" failures="0" tests="1" name="CRUDOperationsWithBDD.DeleteProjectTest" time="2.937" errors="0" timestamp="2022-06-14T17:36:48 IST" skipped="0">
  <testcase classname="CRUDOperationsWithBDD.DeleteProjectTest" name="deleteProjectTest" time="2.937"/>
  <system-out/>
</testsuite> <!-- CRUDOperationsWithBDD.DeleteProjectTest -->
