<?xml version="1.0" encoding="UTF-8"?>
<!-- Generated by org.testng.reporters.JUnitReportReporter -->
<testsuite hostname="idea-PC" failures="0" tests="1" name="CRUDOperationsWithoutUsingBDDApproach.CreateProjectTest" time="6.958" errors="0" timestamp="2022-06-14T12:49:06 IST" skipped="0">
  <testcase classname="CRUDOperationsWithoutUsingBDDApproach.CreateProjectTest" name="createProjectTest" time="6.958"/>
  <system-out/>
</testsuite> <!-- CRUDOperationsWithoutUsingBDDApproach.CreateProjectTest -->
