<?xml version="1.0" encoding="UTF-8"?>
<!-- Generated by org.testng.reporters.JUnitReportReporter -->
<testsuite hostname="idea-PC" failures="0" tests="1" name="differentWaysToPostRequest.PostUsingHashMap" time="3.608" errors="0" timestamp="2022-06-14T22:33:41 IST" skipped="0">
  <testcase classname="differentWaysToPostRequest.PostUsingHashMap" name="postUsingHashMap" time="3.608"/>
  <system-out/>
</testsuite> <!-- differentWaysToPostRequest.PostUsingHashMap -->
