<?xml version="1.0" encoding="UTF-8"?>
<!-- Generated by org.testng.reporters.JUnitReportReporter -->
<testsuite hostname="idea-PC" failures="0" tests="1" name="CRUDOperationsWithBDD.GetAllProjectsTest" time="2.921" errors="0" timestamp="2022-06-14T16:48:46 IST" skipped="0">
  <testcase classname="CRUDOperationsWithBDD.GetAllProjectsTest" name="getAllProjectsTest" time="2.921"/>
  <system-out/>
</testsuite> <!-- CRUDOperationsWithBDD.GetAllProjectsTest -->
