<?xml version="1.0" encoding="UTF-8"?>
<!-- Generated by org.testng.reporters.JUnitReportReporter -->
<testsuite hostname="DESKTOP-2VGDDF5" failures="0" tests="1" name="CRUDOperationsWithBDD.CreateProjectTest" time="4.567" errors="0" timestamp="2022-06-15T14:41:34 IST" skipped="0">
  <testcase classname="CRUDOperationsWithBDD.CreateProjectTest" name="createProjectTest" time="4.567"/>
  <system-out/>
</testsuite> <!-- CRUDOperationsWithBDD.CreateProjectTest -->
