<?xml version="1.0" encoding="UTF-8"?>
<!-- Generated by org.testng.reporters.JUnitReportReporter -->
<testsuite skipped="0" hostname="DESKTOP-2VGDDF5" name="com.crm.practise.OrganizationTest" tests="3" failures="0" timestamp="2022-05-10T16:01:10 IST" time="0.008" errors="0">
  <testcase name="createOrgTest" time="0.007" classname="com.crm.practise.OrganizationTest"/>
  <system-out/>
  <testcase name="deleteOrgTest" time="0.001" classname="com.crm.practise.OrganizationTest"/>
  <system-out/>
  <testcase name="modifyOrgTest" time="0.000" classname="com.crm.practise.OrganizationTest"/>
  <system-out/>
</testsuite> <!-- com.crm.practise.OrganizationTest -->
